error: Failed to fetch file from database.
error: Failed to fetch file from database.
error: Failed to fetch file from database.
error: Failed to fetch file from database.
error: Failed to fetch file from database.
error: Error searching for word: Error: Error storing CSV file in database: error: relation "csv_files" does not exist
error: Failed to fetch file from database.
error: Failed to fetch file from database.
error: Error searching for word: Error: Error storing CSV file in database: error: value too long for type character varying(1000)
error: Error searching for word: Error: Error storing CSV file in database: error: value too long for type character varying(1000)
error: Failed to fetch file from database.
error: Error retrieving history: error: no pg_hba.conf entry for host "212.58.121.22", user "giorgobg", database "filler-db", no encryption
error: Error retrieving history: error: no pg_hba.conf entry for host "212.58.121.22", user "giorgobg", database "filler-db", no encryption
error: Error retrieving history: error: no pg_hba.conf entry for host "212.58.121.22", user "giorgobg", database "filler-db", no encryption
error: Error retrieving history: error: no pg_hba.conf entry for host "212.58.121.22", user "giorgobg", database "filler-db", no encryption
error: Error retrieving history: error: no pg_hba.conf entry for host "212.58.121.22", user "giorgobg", database "filler-db", no encryption
error: Error retrieving history: error: no pg_hba.conf entry for host "212.58.121.22", user "postgres", database "postgres", no encryption
error: Error retrieving history: error: no pg_hba.conf entry for host "212.58.121.22", user "postgres", database "postgres", no encryption
error: Error retrieving history: Error: self-signed certificate in certificate chain
error: Error retrieving history: Error: self-signed certificate in certificate chain
error: Error retrieving history: error: no pg_hba.conf entry for host "212.58.121.22", user "postgres", database "postgres", no encryption
error: Error retrieving history: error: no pg_hba.conf entry for host "212.58.121.22", user "postgres", database "postgres", no encryption
error: Error retrieving history: error: column "file_name" does not exist
error: Error fetching file from database: error: relation "files" does not exist
error: Error searching for word: Error: Error storing CSV file in database: error: column "file_name" of relation "csv_files" does not exist
error: Error searching for word: Error: Error storing CSV file in database: error: column "file_name" of relation "csv_files" does not exist
error: Error searching for word: Error: Error storing CSV file in database: error: column "file_name" of relation "csv_files" does not exist
error: Error fetching file from database: error: relation "files" does not exist
error: Error fetching file from database: error: relation "files" does not exist
error: Error fetching user by username: error: column "username" does not exist
error: Error creating user: error: column "username" of relation "users" does not exist
error: Failed to create user

error: Failed to fetch user by username.
error: Error fetching file from database: error: relation "files" does not exist
error: Error fetching file from database: error: relation "files" does not exist
error: Error searching for word: Error: Error storing CSV file in database: error: null value in column "word" of relation "csv_files" violates not-null constraint
error: Error searching for word: Error: Error storing CSV file in database: error: null value in column "word" of relation "csv_files" violates not-null constraint
error: Error searching for word: Error: Error storing CSV file in database: error: null value in column "word" of relation "csv_files" violates not-null constraint
error: Error storing CSV file in database: Error: Error storing CSV file in database: error: null value in column "word" of relation "csv_files" violates not-null constraint
error: Error fetching file from database: error: relation "files" does not exist
error: Error fetching file from database: error: relation "files" does not exist
error: Error fetching file from database: error: relation "files" does not exist
error: Error fetching file from database: error: relation "files" does not exist
error: Error fetching file from database: error: relation "files" does not exist
error: Error fetching file: Failed to fetch file from database. Error: error: relation "files" does not exist
error: Failed to fetch user by username.
error: Error fetching file from database: error: column "name" does not exist
error: Error fetching file: Failed to fetch file from database. Error: error: column "name" does not exist
error: Failed to fetch file from database. File does not exist.
error: Error storing CSV file in database: error: column "file_name" of relation "csv_files" does not exist
error: Error storing CSV file in database: []
error: Failed to fetch file from database. File does not exist.
error: Error storing CSV file in database: error: column "file_name" does not exist
error: Error storing CSV file in database: []
error: Error storing CSV file in database: undefined
error: Error storing CSV file in database: undefined
error: Error storing CSV file in database: undefined
error: Error storing CSV file in database: undefined
error: Error storing CSV file in database: undefined
error: Error storing CSV file in database: undefined
error: Invalid session time
error: Error retrieving history: error: column "file_name" does not exist
error: Error fetching history: []
error: Error retrieving history: error: relation "files" does not exist
error: Error fetching history: []
error: Failed to fetch file from database. File does not exist.
error: Failed to fetch file from database. File does not exist.
error: Failed to fetch file from database. File does not exist.
error: Invalid session time
error: Invalid session time
error: Failed to fetch file from database. File does not exist.
error: Invalid session time
error: Invalid session time
error: Failed to fetch file from database. File does not exist.
error: Failed to fetch file from database. File does not exist.
error: Failed to fetch file from database. File does not exist.
error: Failed to fetch file from database. File does not exist.
error: Failed to fetch file from database. File does not exist.
error: Failed to fetch file from database. File does not exist.
error: Failed to fetch file from database. File does not exist.
error: Failed to fetch file from database. File does not exist.
error: Failed to fetch file from database. File does not exist.
error: Failed to fetch file from database. File does not exist.
error: Failed to fetch file from database. File does not exist.
error: Failed to fetch file from database. File does not exist.
error: Failed to fetch file from database. File does not exist.
error: Failed to fetch file from database. File does not exist.
error: Failed to fetch file from database. File does not exist.
error: Failed to fetch file from database. File does not exist.
error: Failed to fetch file from database. File does not exist.
error: Failed to fetch file from database. File does not exist.
error: Invalid session time
error: Failed to fetch file from database. File does not exist.
error: Failed to fetch file from database. File does not exist.
error: Failed to fetch file from database. File does not exist.
error: Failed to fetch file from database. File does not exist.
error: Error uploading file: 
error: Error uploading file: RangeError [ERR_HTTP_INVALID_STATUS_CODE]: Invalid status code: 0
error: Failed to fetch file from database. File does not exist.
error: Error uploading file: 
error: Error uploading file: RangeError [ERR_HTTP_INVALID_STATUS_CODE]: Invalid status code: 0
error: Failed to fetch file from database. File does not exist.
error: Error uploading file: 
error: Error uploading file: RangeError [ERR_HTTP_INVALID_STATUS_CODE]: Invalid status code: 0
error: Failed to fetch file from database. File does not exist.
error: Error uploading file: 
error: Error uploading file: RangeError [ERR_HTTP_INVALID_STATUS_CODE]: Invalid status code: 0
error: Failed to fetch file from database. File does not exist.
error: Failed to fetch file from database. File does not exist.
error: Failed to fetch file from database. File does not exist.
error: Failed to fetch file from database. File does not exist.
error: Error fetching file content:, [object Object]
error: Error fetching file content:, [object Object]
error: Error fetching file content:, [object Object]
error: Failed to fetch user by username.
error: Failed to fetch user by username.
error: Error fetching user: Failed to fetch user by username.
error: Failed to fetch user by username.
error: Error fetching user: Failed to fetch user by username.
error: Error fetching history: TypeError: fileUploadService.getAllFileNamesByUsername is not a function
error: Error refreshing the access token: JsonWebTokenError: jwt must be provided
error: Error fetching user:, TypeError: response.now is not a function
error: Error fetching user:, TypeError: response.now is not a function
error: Username missing from token
error: Username missing from token
error: Username missing from token
error: Username missing from token
error: Invalid session
error: Username missing from token
error: Username missing from token
error: Username missing from token
error: Invalid session time
error: Invalid session time
error: Invalid session time
error: Error fetching file content:, TypeError: Cannot read properties of undefined (reading 'replace')
error: Error fetching user by username: Error: getaddrinfo ENOTFOUND filler-db.crsimsmo0tl9.us-east-1.rds.amazonaws.com
error: Invalid session
error: Username missing from token
error: Invalid session time
error: Invalid session time
error: Invalid session time
error: Invalid session time
error: Invalid session time
error: Invalid session time
error: Invalid session time
error: Invalid session time
error: Invalid session time
error: Invalid session time
error: Invalid session time
error: Invalid session time
error: Invalid session time
error: Invalid session time
error: Invalid session time
error: Invalid session time
error: Invalid session time
error: Invalid session time
error: Invalid session time
error: Invalid session time
error: Invalid session time
error: Invalid session time
error: Invalid session time
error: Invalid session time
error: Invalid session time
error: Invalid session time
error: Invalid session time
error: Invalid session time
error: Invalid session
error: Invalid session
error: Invalid session
error: Invalid session
error: Invalid session
error: Invalid session
error: Invalid session
error: Invalid session
error: Invalid session
error: Invalid session
error: Invalid session
error: Invalid session
error: Invalid session
error: Invalid session
error: Invalid session
error: Invalid session
error: Invalid session
error: Invalid session
error: Invalid session
error: Invalid session
error: Invalid session
error: Invalid session
error: Invalid session
error: Invalid session
error: Invalid session
error: Invalid session
